<?xml version="1.0" encoding="UTF-8"?>
<!-- Generated by org.testng.reporters.JUnitXMLReporter -->
<testsuite hostname="HDC3-L-6K6R0X2" ignored="0" name="BankingApp Test" tests="2" failures="0" timestamp="19 May 2021 17:49:45 GMT" time="22.367" errors="0">
  <testcase name="loginTest" time="1.632" classname="com.iNetBanking.TestCases.TC_LoginTest_001"/>
  <testcase name="addNewCustomer" time="8.679" classname="com.iNetBanking.TestCases.TC_AddCustomerTest_003"/>
</testsuite> <!-- BankingApp Test -->
