<?xml version="1.0" encoding="UTF-8"?>
<testsuite xmlns:xsi="http://www.w3.org/2001/XMLSchema-instance" xsi:schemaLocation="https://maven.apache.org/surefire/maven-surefire-plugin/xsd/surefire-test-report.xsd" name="TestSuite" time="26.46" tests="2" errors="0" skipped="0" failures="1">
  <properties>
[...]
</properties>
  <testcase name="loginTest" classname="com.iNetBanking.TestCases.TC_LoginTest_001" time="1.863"/>
  <testcase name="addNewCustomer" classname="com.iNetBanking.TestCases.TC_AddCustomerTest_003" time="8.172">
    <failure message="unexpected alert open: {Alert text : Customer could not be added !!}&#10;  (Session info: MicrosoftEdge=90.0.818.62): Customer could not be added !!&#10;Build info: version: &apos;3.141.59&apos;, revision: &apos;e82be7d358&apos;, time: &apos;2018-11-14T08:17:03&apos;&#10;System info: host: &apos;HDC3-L-6K6R0X2&apos;, ip: &apos;192.168.0.109&apos;, os.name: &apos;Windows 10&apos;, os.arch: &apos;amd64&apos;, os.version: &apos;10.0&apos;, java.version: &apos;1.8.0_291&apos;&#10;Driver info: org.openqa.selenium.edge.EdgeDriver&#10;Capabilities {acceptInsecureCerts: false, browserName: msedge, browserVersion: 90.0.818.62, javascriptEnabled: true, ms:edgeOptions: {debuggerAddress: localhost:25726}, msedge: {msedgedriverVersion: 90.0.818.62 (0fca3b62331f6f..., userDataDir: C:\Users\SUNILK~1.BAT\AppDa...}, networkConnectionEnabled: false, pageLoadStrategy: normal, platform: WINDOWS, platformName: WINDOWS, proxy: Proxy(), setWindowRect: true, strictFileInteractability: false, timeouts: {implicit: 0, pageLoad: 300000, script: 30000}, unhandledPromptBehavior: dismiss and notify, webauthn:extension:largeBlob: true, webauthn:virtualAuthenticators: true}&#10;Session ID: c9ddd2e5be016f3fc1ff772f8f16a146" type="org.openqa.selenium.UnhandledAlertException">org.openqa.selenium.UnhandledAlertException: 
unexpected alert open: {Alert text : Customer could not be added !!}
  (Session info: MicrosoftEdge=90.0.818.62): Customer could not be added !!
Build info: version: '3.141.59', revision: 'e82be7d358', time: '2018-11-14T08:17:03'
System info: host: 'HDC3-L-6K6R0X2', ip: '192.168.0.109', os.name: 'Windows 10', os.arch: 'amd64', os.version: '10.0', java.version: '1.8.0_291'
Driver info: org.openqa.selenium.edge.EdgeDriver
Capabilities {acceptInsecureCerts: false, browserName: msedge, browserVersion: 90.0.818.62, javascriptEnabled: true, ms:edgeOptions: {debuggerAddress: localhost:25726}, msedge: {msedgedriverVersion: 90.0.818.62 (0fca3b62331f6f..., userDataDir: C:\Users\SUNILK~1.BAT\AppDa...}, networkConnectionEnabled: false, pageLoadStrategy: normal, platform: WINDOWS, platformName: WINDOWS, proxy: Proxy(), setWindowRect: true, strictFileInteractability: false, timeouts: {implicit: 0, pageLoad: 300000, script: 30000}, unhandledPromptBehavior: dismiss and notify, webauthn:extension:largeBlob: true, webauthn:virtualAuthenticators: true}
Session ID: c9ddd2e5be016f3fc1ff772f8f16a146
	at com.iNetBanking.TestCases.TC_AddCustomerTest_003.addNewCustomer(TC_AddCustomerTest_003.java:38)
</failure>
    <system-out><![CDATA[ INFO [main] (TC_AddCustomerTest_003.java:17)- User Name provided
 INFO [main] (TC_AddCustomerTest_003.java:19)- Password provided
 INFO [main] (TC_AddCustomerTest_003.java:23)- Customer Details are providing........
]]></system-out>
    <system-err><![CDATA[Starting MSEdgeDriver 90.0.818.62 (0fca3b62331f6fe9a9b27f34c02690655a8c06a2) on port 1326
Only local connections are allowed.
Please see https://chromedriver.chromium.org/security-considerations for suggestions on keeping MSEdgeDriver safe.
MSEdgeDriver was started successfully.
May 21, 2021 12:06:00 AM org.openqa.selenium.remote.ProtocolHandshake createSession
INFO: Detected dialect: W3C
]]></system-err>
  </testcase>
</testsuite>