<?xml version="1.0" encoding="UTF-8"?>
<testng-results skipped="0" failed="0" ignored="0" total="2" passed="2">
  <reporter-output>
  </reporter-output>
  <suite name="InetBanking" duration-ms="22367" started-at="2021-05-19T17:49:22Z" finished-at="2021-05-19T17:49:45Z">
    <groups>
    </groups>
    <test name="BankingApp Test" duration-ms="22367" started-at="2021-05-19T17:49:22Z" finished-at="2021-05-19T17:49:45Z">
      <class name="com.iNetBanking.TestCases.TC_LoginTest_001">
        <test-method status="PASS" signature="setup(java.lang.String)[pri:0, instance:com.iNetBanking.TestCases.TC_LoginTest_001@506e6d5e]" name="setup" is-config="true" duration-ms="6006" started-at="2021-05-19T17:49:22Z" finished-at="2021-05-19T17:49:28Z">
          <params>
            <param index="0">
              <value>
                <![CDATA[chrome]]>
              </value>
            </param>
          </params>
          <reporter-output>
          </reporter-output>
        </test-method> <!-- setup -->
        <test-method status="PASS" signature="loginTest()[pri:0, instance:com.iNetBanking.TestCases.TC_LoginTest_001@506e6d5e]" name="loginTest" duration-ms="1632" started-at="2021-05-19T17:49:28Z" finished-at="2021-05-19T17:49:30Z">
          <reporter-output>
          </reporter-output>
        </test-method> <!-- loginTest -->
        <test-method status="PASS" signature="tearDown()[pri:0, instance:com.iNetBanking.TestCases.TC_LoginTest_001@506e6d5e]" name="tearDown" is-config="true" duration-ms="698" started-at="2021-05-19T17:49:30Z" finished-at="2021-05-19T17:49:31Z">
          <reporter-output>
          </reporter-output>
        </test-method> <!-- tearDown -->
      </class> <!-- com.iNetBanking.TestCases.TC_LoginTest_001 -->
      <class name="com.iNetBanking.TestCases.TC_AddCustomerTest_003">
        <test-method status="PASS" signature="setup(java.lang.String)[pri:0, instance:com.iNetBanking.TestCases.TC_AddCustomerTest_003@96532d6]" name="setup" is-config="true" duration-ms="4481" started-at="2021-05-19T17:49:31Z" finished-at="2021-05-19T17:49:35Z">
          <params>
            <param index="0">
              <value>
                <![CDATA[chrome]]>
              </value>
            </param>
          </params>
          <reporter-output>
          </reporter-output>
        </test-method> <!-- setup -->
        <test-method status="PASS" signature="addNewCustomer()[pri:0, instance:com.iNetBanking.TestCases.TC_AddCustomerTest_003@96532d6]" name="addNewCustomer" duration-ms="8679" started-at="2021-05-19T17:49:35Z" finished-at="2021-05-19T17:49:44Z">
          <reporter-output>
          </reporter-output>
        </test-method> <!-- addNewCustomer -->
        <test-method status="PASS" signature="tearDown()[pri:0, instance:com.iNetBanking.TestCases.TC_AddCustomerTest_003@96532d6]" name="tearDown" is-config="true" duration-ms="666" started-at="2021-05-19T17:49:44Z" finished-at="2021-05-19T17:49:45Z">
          <reporter-output>
          </reporter-output>
        </test-method> <!-- tearDown -->
      </class> <!-- com.iNetBanking.TestCases.TC_AddCustomerTest_003 -->
    </test> <!-- BankingApp Test -->
  </suite> <!-- InetBanking -->
</testng-results>
