<?xml version="1.0" encoding="UTF-8"?>
<testng-results skipped="0" failed="0" ignored="0" total="2" passed="2">
  <reporter-output>
  </reporter-output>
  <suite name="InetBanking" duration-ms="32139" started-at="2021-05-19T14:28:52Z" finished-at="2021-05-19T14:29:24Z">
    <groups>
    </groups>
    <test name="BankingApp Test" duration-ms="32139" started-at="2021-05-19T14:28:52Z" finished-at="2021-05-19T14:29:24Z">
      <class name="com.iNetBanking.TestCases.TC_LoginTest_001">
        <test-method status="PASS" signature="setup(java.lang.String)[pri:0, instance:com.iNetBanking.TestCases.TC_LoginTest_001@343f4d3d]" name="setup" is-config="true" duration-ms="5513" started-at="2021-05-19T19:58:52Z" finished-at="2021-05-19T19:58:57Z">
          <params>
            <param index="0">
              <value>
                <![CDATA[chrome]]>
              </value>
            </param>
          </params>
          <reporter-output>
          </reporter-output>
        </test-method> <!-- setup -->
        <test-method status="PASS" signature="loginTest()[pri:0, instance:com.iNetBanking.TestCases.TC_LoginTest_001@343f4d3d]" name="loginTest" duration-ms="2070" started-at="2021-05-19T19:58:57Z" finished-at="2021-05-19T19:58:59Z">
          <reporter-output>
          </reporter-output>
        </test-method> <!-- loginTest -->
        <test-method status="PASS" signature="tearDown()[pri:0, instance:com.iNetBanking.TestCases.TC_LoginTest_001@343f4d3d]" name="tearDown" is-config="true" duration-ms="1150" started-at="2021-05-19T19:58:59Z" finished-at="2021-05-19T19:59:01Z">
          <reporter-output>
          </reporter-output>
        </test-method> <!-- tearDown -->
      </class> <!-- com.iNetBanking.TestCases.TC_LoginTest_001 -->
      <class name="com.iNetBanking.TestCases.TC_AddCustomerTest_003">
        <test-method status="PASS" signature="setup(java.lang.String)[pri:0, instance:com.iNetBanking.TestCases.TC_AddCustomerTest_003@53b32d7]" name="setup" is-config="true" duration-ms="13061" started-at="2021-05-19T19:59:01Z" finished-at="2021-05-19T19:59:14Z">
          <params>
            <param index="0">
              <value>
                <![CDATA[chrome]]>
              </value>
            </param>
          </params>
          <reporter-output>
          </reporter-output>
        </test-method> <!-- setup -->
        <test-method status="PASS" signature="addNewCustomer()[pri:0, instance:com.iNetBanking.TestCases.TC_AddCustomerTest_003@53b32d7]" name="addNewCustomer" duration-ms="9381" started-at="2021-05-19T19:59:14Z" finished-at="2021-05-19T19:59:23Z">
          <reporter-output>
          </reporter-output>
        </test-method> <!-- addNewCustomer -->
        <test-method status="PASS" signature="tearDown()[pri:0, instance:com.iNetBanking.TestCases.TC_AddCustomerTest_003@53b32d7]" name="tearDown" is-config="true" duration-ms="730" started-at="2021-05-19T19:59:23Z" finished-at="2021-05-19T19:59:24Z">
          <reporter-output>
          </reporter-output>
        </test-method> <!-- tearDown -->
      </class> <!-- com.iNetBanking.TestCases.TC_AddCustomerTest_003 -->
    </test> <!-- BankingApp Test -->
  </suite> <!-- InetBanking -->
</testng-results>
